2020-11-19 01:09:09,777 sagemaker-containers INFO     Imported framework sagemaker_bootstrap
2020-11-19 01:09:09,778 sagemaker_bootstrap INFO     SM_USER_ARGS=["--aws_region","us-east-1","--batch_size","128","--beta_entropy","0.01","--discount_factor","0.997","--e_greedy_value","1","--epsilon_steps","10000","--exploration_type","Categorical","--loss_type","Huber","--lr","5e-05","--model_metadata_s3_key","s3://aws-deepracer-data-us-east-1-1/data-1376a8e3-b268-4c25-ab6f-6c633d292cb7/models/Model1-5/model_metadata.json","--num_episodes_between_training","20","--num_epochs","10","--pretrained_s3_bucket","aws-deepracer-data-us-east-1-1","--pretrained_s3_prefix","data-1376a8e3-b268-4c25-ab6f-6c633d292cb7/models/Model1-3/sagemaker-robomaker-artifacts","--reward_function_s3_source","s3://aws-deepracer-data-us-east-1-1/data-1376a8e3-b268-4c25-ab6f-6c633d292cb7/models/Model1-5/reward_function.py","--s3_bucket","aws-deepracer-data-us-east-1-1","--s3_kms_cmk_arn","arn:aws:kms:us-east-1:372026249783:key/ee1f5123-b93c-482b-8d5c-9f058749918e","--s3_prefix","data-1376a8e3-b268-4c25-ab6f-6c633d292cb7/models/Model1-5/sagemaker-robomaker-artifacts","--stack_size","1"]
2020-11-19 01:09:09,778 sagemaker_bootstrap INFO     All eniron vars=environ({'PYTHONDONTWRITEBYTECODE': '1', 'SM_MODEL_DIR': '/opt/ml/model', 'SM_INPUT_DIR': '/opt/ml/input', 'PATH': '/opt/ml/code/:/usr/local/sbin:/usr/local/bin:/usr/sbin:/usr/bin:/sbin:/bin', 'SM_HP_DISCOUNT_FACTOR': '0.997', 'AWS_CONTAINER_CREDENTIALS_RELATIVE_URI': '/v2/credentials/c4863c1b-8f8d-4194-ac55-cccb13e5a1bc', 'ECS_CONTAINER_METADATA_URI_V4': 'http://169.254.170.2/v4/b8465b4b-4fb1-4246-bcf1-d4f88d9af5d4', 'SAGEMAKER_TRAINING_COMMAND': '/opt/ml/code/sage-train.sh', 'SM_OUTPUT_DIR': '/opt/ml/output', 'NVIDIA_VISIBLE_DEVICES': 'void', 'SM_HP_S3_KMS_CMK_ARN': 'arn:aws:kms:us-east-1:372026249783:key/ee1f5123-b93c-482b-8d5c-9f058749918e', 'SM_MODULE_NAME': '', 'SM_OUTPUT_DATA_DIR': '/opt/ml/output/data', 'SM_INPUT_DATA_CONFIG': '{}', 'SM_HP_EPSILON_STEPS': '10000', 'SM_NETWORK_INTERFACE_NAME': 'eth0', 'SAGEMAKER_TRAINING_MODULE': 'sagemaker_bootstrap:train', 'SM_FRAMEWORK_MODULE': 'sagemaker_bootstrap:train', 'SM_HP_PRETRAINED_S3_BUCKET': 'aws-deepracer-data-us-east-1-1', 'SM_RESOURCE_CONFIG': '{"current_host":"algo-1","hosts":["algo-1"],"network_interface_name":"eth0"}', 'SAGEMAKER_JOB_NAME': '', 'SM_TRAINING_ENV': '{"channel_input_dirs":{},"current_host":"algo-1","framework_module":"sagemaker_bootstrap:train","hosts":["algo-1"],"hyperparameters":{"aws_region":"us-east-1","batch_size":128,"beta_entropy":0.01,"discount_factor":0.997,"e_greedy_value":1,"epsilon_steps":10000,"exploration_type":"Categorical","loss_type":"Huber","lr":5e-05,"model_metadata_s3_key":"s3://aws-deepracer-data-us-east-1-1/data-1376a8e3-b268-4c25-ab6f-6c633d292cb7/models/Model1-5/model_metadata.json","num_episodes_between_training":20,"num_epochs":10,"pretrained_s3_bucket":"aws-deepracer-data-us-east-1-1","pretrained_s3_prefix":"data-1376a8e3-b268-4c25-ab6f-6c633d292cb7/models/Model1-3/sagemaker-robomaker-artifacts","reward_function_s3_source":"s3://aws-deepracer-data-us-east-1-1/data-1376a8e3-b268-4c25-ab6f-6c633d292cb7/models/Model1-5/reward_function.py","s3_bucket":"aws-deepracer-data-us-east-1-1","s3_kms_cmk_arn":"arn:aws:kms:us-east-1:372026249783:key/ee1f5123-b93c-482b-8d5c-9f058749918e","s3_prefix":"data-1376a8e3-b268-4c25-ab6f-6c633d292cb7/models/Model1-5/sagemaker-robomaker-artifacts","stack_size":1},"input_config_dir":"/opt/ml/input/config","input_data_config":{},"input_dir":"/opt/ml/input","job_name":"dr-sm-rltj--20201119010559-d48e6303-be5b-488b-b64e-45b93b90e334","log_level":20,"model_dir":"/opt/ml/model","module_dir":"","module_name":"","network_interface_name":"eth0","num_cpus":8,"num_gpus":0,"output_data_dir":"/opt/ml/output/data","output_dir":"/opt/ml/output","resource_config":{"current_host":"algo-1","hosts":["algo-1"],"network_interface_name":"eth0"}}', 'SAGEMAKER_REGION': '', 'HOME': '/root', 'SM_LOG_LEVEL': '20', 'SM_HP_NUM_EPOCHS': '10', 'SM_NUM_CPUS': '8', 'SM_INPUT_CONFIG_DIR': '/opt/ml/input/config', 'SM_NUM_GPUS': '0', 'SM_HOSTS': '["algo-1"]', 'PYTHONUNBUFFERED': '1', 'SM_HP_LOSS_TYPE': 'Huber', 'SM_HP_NUM_EPISODES_BETWEEN_TRAINING': '20', 'SM_HP_S3_PREFIX': 'data-1376a8e3-b268-4c25-ab6f-6c633d292cb7/models/Model1-5/sagemaker-robomaker-artifacts', 'SM_HP_STACK_SIZE': '1', 'DMLC_INTERFACE': 'eth0', 'HOSTNAME': 'ip-10-0-34-111.ec2.internal', 'SM_HP_MODEL_METADATA_S3_KEY': 's3://aws-deepracer-data-us-east-1-1/data-1376a8e3-b268-4c25-ab6f-6c633d292cb7/models/Model1-5/model_metadata.json', 'AWS_EXECUTION_ENV': 'AWS_ECS_EC2', 'SM_HP_LR': '5e-05', 'SM_HP_EXPLORATION_TYPE': 'Categorical', 'SM_HP_S3_BUCKET': 'aws-deepracer-data-us-east-1-1', 'ECS_CONTAINER_METADATA_URI': 'http://169.254.170.2/v3/b8465b4b-4fb1-4246-bcf1-d4f88d9af5d4', 'TRAINING_JOB_ARN': 'arn:aws:sagemaker:us-east-1:372026249783:training-job/dr-sm-rltj--20201119010559-d48e6303-be5b-488b-b64e-45b93b90e334', 'SM_HP_E_GREEDY_VALUE': '1', 'SM_MODULE_DIR': '', 'SM_USER_ARGS': '["--aws_region","us-east-1","--batch_size","128","--beta_entropy","0.01","--discount_factor","0.997","--e_greedy_value","1","--epsilon_steps","10000","--exploration_type","Categorical","--loss_type","Huber","--lr","5e-05","--model_metadata_s3_key","s3://aws-deepracer-data-us-east-1-1/data-1376a8e3-b268-4c25-ab6f-6c633d292cb7/models/Model1-5/model_metadata.json","--num_episodes_between_training","20","--num_epochs","10","--pretrained_s3_bucket","aws-deepracer-data-us-east-1-1","--pretrained_s3_prefix","data-1376a8e3-b268-4c25-ab6f-6c633d292cb7/models/Model1-3/sagemaker-robomaker-artifacts","--reward_function_s3_source","s3://aws-deepracer-data-us-east-1-1/data-1376a8e3-b268-4c25-ab6f-6c633d292cb7/models/Model1-5/reward_function.py","--s3_bucket","aws-deepracer-data-us-east-1-1","--s3_kms_cmk_arn","arn:aws:kms:us-east-1:372026249783:key/ee1f5123-b93c-482b-8d5c-9f058749918e","--s3_prefix","data-1376a8e3-b268-4c25-ab6f-6c633d292cb7/models/Model1-5/sagemaker-robomaker-artifacts","--stack_size","1"]', 'SM_CHANNELS': '[]', 'SM_CURRENT_HOST': 'algo-1', 'SM_HP_REWARD_FUNCTION_S3_SOURCE': 's3://aws-deepracer-data-us-east-1-1/data-1376a8e3-b268-4c25-ab6f-6c633d292cb7/models/Model1-5/reward_function.py', 'CURRENT_HOST': 'algo-1', 'SM_HP_BATCH_SIZE': '128', 'SM_HPS': '{"aws_region":"us-east-1","batch_size":128,"beta_entropy":0.01,"discount_factor":0.997,"e_greedy_value":1,"epsilon_steps":10000,"exploration_type":"Categorical","loss_type":"Huber","lr":5e-05,"model_metadata_s3_key":"s3://aws-deepracer-data-us-east-1-1/data-1376a8e3-b268-4c25-ab6f-6c633d292cb7/models/Model1-5/model_metadata.json","num_episodes_between_training":20,"num_epochs":10,"pretrained_s3_bucket":"aws-deepracer-data-us-east-1-1","pretrained_s3_prefix":"data-1376a8e3-b268-4c25-ab6f-6c633d292cb7/models/Model1-3/sagemaker-robomaker-artifacts","reward_function_s3_source":"s3://aws-deepracer-data-us-east-1-1/data-1376a8e3-b268-4c25-ab6f-6c633d292cb7/models/Model1-5/reward_function.py","s3_bucket":"aws-deepracer-data-us-east-1-1","s3_kms_cmk_arn":"arn:aws:kms:us-east-1:372026249783:key/ee1f5123-b93c-482b-8d5c-9f058749918e","s3_prefix":"data-1376a8e3-b268-4c25-ab6f-6c633d292cb7/models/Model1-5/sagemaker-robomaker-artifacts","stack_size":1}', 'SM_HP_AWS_REGION': 'us-east-1', 'SM_HP_PRETRAINED_S3_PREFIX': 'data-1376a8e3-b268-4c25-ab6f-6c633d292cb7/models/Model1-3/sagemaker-robomaker-artifacts', 'NODE_TYPE': 'SAGEMAKER_TRAINING_WORKER', 'PYTHONPATH': '/opt/ml/code/:/opt/amazon/:', 'SM_HP_BETA_ENTROPY': '0.01', 'TRAINING_JOB_NAME': 'dr-sm-rltj--20201119010559-d48e6303-be5b-488b-b64e-45b93b90e334', 'AWS_REGION': 'us-east-1'})
2020-11-19 01:09:09,778 sagemaker_bootstrap INFO     Launching training command: /opt/ml/code/sage-train.sh --aws_region us-east-1 --batch_size 128 --beta_entropy 0.01 --discount_factor 0.997 --e_greedy_value 1 --epsilon_steps 10000 --exploration_type Categorical --loss_type Huber --lr 5e-05 --model_metadata_s3_key s3://aws-deepracer-data-us-east-1-1/data-1376a8e3-b268-4c25-ab6f-6c633d292cb7/models/Model1-5/model_metadata.json --num_episodes_between_training 20 --num_epochs 10 --pretrained_s3_bucket aws-deepracer-data-us-east-1-1 --pretrained_s3_prefix data-1376a8e3-b268-4c25-ab6f-6c633d292cb7/models/Model1-3/sagemaker-robomaker-artifacts --reward_function_s3_source s3://aws-deepracer-data-us-east-1-1/data-1376a8e3-b268-4c25-ab6f-6c633d292cb7/models/Model1-5/reward_function.py --s3_bucket aws-deepracer-data-us-east-1-1 --s3_kms_cmk_arn arn:aws:kms:us-east-1:372026249783:key/ee1f5123-b93c-482b-8d5c-9f058749918e --s3_prefix data-1376a8e3-b268-4c25-ab6f-6c633d292cb7/models/Model1-5/sagemaker-robomaker-artifacts --stack_size 1
Starting sage-train.sh
18:C 19 Nov 2020 01:09:09.836 # oO0OoO0OoO0Oo Redis is starting oO0OoO0OoO0Oo
18:C 19 Nov 2020 01:09:09.836 # Redis version=6.0.9, bits=64, commit=00000000, modified=0, pid=18, just started
18:C 19 Nov 2020 01:09:09.836 # Configuration loaded
                _._                                                  
           _.-``__ ''-._                                             
      _.-``    `.  `_.  ''-._           Redis 6.0.9 (00000000/0) 64 bit
  .-`` .-```.  ```\/    _.,_ ''-._                                   
 (    '      ,       .-`  | `,    )     Running in standalone mode
 |`-._`-...-` __...-.``-._|'` _.-'|     Port: 6379
 |    `-._   `._    /     _.-'    |     PID: 18
  `-._    `-._  `-./  _.-'    _.-'                                   
 |`-._`-._    `-.__.-'    _.-'_.-'|                                  
 |    `-._`-._        _.-'_.-'    |           http://redis.io        
  `-._    `-._`-.__.-'_.-'    _.-'                                   
 |`-._`-._    `-.__.-'    _.-'_.-'|                                  
 |    `-._`-._        _.-'_.-'    |                                  
  `-._    `-._`-.__.-'_.-'    _.-'                                   
      `-._    `-.__.-'    _.-'                                       
          `-._        _.-'                                           
              `-.__.-'                                               

18:M 19 Nov 2020 01:09:09.839 # WARNING: The TCP backlog setting of 512 cannot be enforced because /proc/sys/net/core/somaxconn is set to the lower value of 128.
18:M 19 Nov 2020 01:09:09.839 # Server initialized
18:M 19 Nov 2020 01:09:09.839 # WARNING overcommit_memory is set to 0! Background save may fail under low memory condition. To fix this issue add 'vm.overcommit_memory = 1' to /etc/sysctl.conf and then reboot or run the command 'sysctl vm.overcommit_memory=1' for this to take effect.
18:M 19 Nov 2020 01:09:09.839 * Ready to accept connections
[s3] Successfully downloaded model metadata                  from s3 key data-1376a8e3-b268-4c25-ab6f-6c633d292cb7/models/Model1-5/model_metadata.json to local ./custom_files/agent/model_metadata.json.
Sensor list ['FRONT_FACING_CAMERA'], network DEEP_CONVOLUTIONAL_NETWORK_SHALLOW, simapp_version 3.0, training_algorithm clipped_ppo, action_space_type discrete
Action space from file: [{'index': 0, 'speed': 1, 'steering_angle': -22.5}, {'index': 1, 'speed': 2, 'steering_angle': -22.5}, {'index': 2, 'speed': 3, 'steering_angle': -22.5}, {'index': 3, 'speed': 1, 'steering_angle': -11.25}, {'index': 4, 'speed': 2, 'steering_angle': -11.25}, {'index': 5, 'speed': 3, 'steering_angle': -11.25}, {'index': 6, 'speed': 1, 'steering_angle': 0}, {'index': 7, 'speed': 2, 'steering_angle': 0}, {'index': 8, 'speed': 3, 'steering_angle': 0}, {'index': 9, 'speed': 1, 'steering_angle': 11.25}, {'index': 10, 'speed': 2, 'steering_angle': 11.25}, {'index': 11, 'speed': 3, 'steering_angle': 11.25}, {'index': 12, 'speed': 1, 'steering_angle': 22.5}, {'index': 13, 'speed': 2, 'steering_angle': 22.5}, {'index': 14, 'speed': 3, 'steering_angle': 22.5}]
Using the following hyper-parameters
{
  "batch_size": 128,
  "beta_entropy": 0.01,
  "discount_factor": 0.997,
  "e_greedy_value": 1.0,
  "epsilon_steps": 10000,
  "exploration_type": "categorical",
  "loss_type": "huber",
  "lr": 5e-05,
  "num_episodes_between_training": 20,
  "num_epochs": 10,
  "sac_alpha": 0.2,
  "stack_size": 1,
  "term_cond_avg_score": 100000.0,
  "term_cond_max_episodes": 100000
}
[s3] Successfully uploaded hyperparameters to                  s3 bucket aws-deepracer-data-us-east-1-1 with s3 key data-1376a8e3-b268-4c25-ab6f-6c633d292cb7/models/Model1-5/sagemaker-robomaker-artifacts/ip/hyperparameters.json.
Hostname: ip-10-0-34-111.ec2.internal
[s3] Successfully uploaded ip address to                  s3 bucket aws-deepracer-data-us-east-1-1 with s3 key data-1376a8e3-b268-4c25-ab6f-6c633d292cb7/models/Model1-5/sagemaker-robomaker-artifacts/ip/ip.json.
[s3] Successfully uploaded ip done to                  s3 bucket aws-deepracer-data-us-east-1-1 with s3 key data-1376a8e3-b268-4c25-ab6f-6c633d292cb7/models/Model1-5/sagemaker-robomaker-artifacts/ip/done.
[s3] Successfully downloaded deepracer checkpoint json from                  s3 key data-1376a8e3-b268-4c25-ab6f-6c633d292cb7/models/Model1-3/sagemaker-robomaker-artifacts/model/deepracer_checkpoints.json to local pretrained_checkpoint/agent/deepracer_checkpoints.json.
[s3] Successfully uploaded temp coach checkpoint to                   s3 bucket aws-deepracer-data-us-east-1-1 with s3 key data-1376a8e3-b268-4c25-ab6f-6c633d292cb7/models/Model1-3/sagemaker-robomaker-artifacts/model/.coach_checkpoint.
[s3] Successfully downloaded rl coach checkpoint from                  s3 key data-1376a8e3-b268-4c25-ab6f-6c633d292cb7/models/Model1-3/sagemaker-robomaker-artifacts/model/.coach_checkpoint to local pretrained_checkpoint/agent/.coach_checkpoint.
[s3] Successfully downloaded 120_Step-25307.ckpt.data-00000-of-00001 from                  s3 key data-1376a8e3-b268-4c25-ab6f-6c633d292cb7/models/Model1-3/sagemaker-robomaker-artifacts/model/120_Step-25307.ckpt.data-00000-of-00001 to local pretrained_checkpoint/agent/120_Step-25307.ckpt.data-00000-of-00001.
[s3] Successfully downloaded 120_Step-25307.ckpt.index from                  s3 key data-1376a8e3-b268-4c25-ab6f-6c633d292cb7/models/Model1-3/sagemaker-robomaker-artifacts/model/120_Step-25307.ckpt.index to local pretrained_checkpoint/agent/120_Step-25307.ckpt.index.
[s3] Successfully downloaded 120_Step-25307.ckpt.meta from                  s3 key data-1376a8e3-b268-4c25-ab6f-6c633d292cb7/models/Model1-3/sagemaker-robomaker-artifacts/model/120_Step-25307.ckpt.meta to local pretrained_checkpoint/agent/120_Step-25307.ckpt.meta.
[s3] Successfully downloaded .ready from                  s3 key data-1376a8e3-b268-4c25-ab6f-6c633d292cb7/models/Model1-3/sagemaker-robomaker-artifacts/model/.ready to local pretrained_checkpoint/agent/.ready.
## Creating graph - name: MultiAgentGraphManager
## Start physics before creating graph
## Create graph
## Creating agent - name: agent
[RL] Created agent loggers
[RL] Dynamic import of memory:  "DeepRacerMemoryParameters" {
    "load_memory_from_file_path": null,
    "max_size": [
        "<MemoryGranularity.Transitions: 0>",
        1000000
    ],
    "n_step": -1,
    "shared_memory": false,
    "train_to_eval_ratio": 1
}

[RL] Dynamically imported of memory <markov.memories.deepracer_memory.DeepRacerMemory object at 0x7fbeb98765c0>
[RL] Setting devices
[RL] Setting filters
[RL] Setting filter devices: numpy
[RL] Setting Phase
[RL] After setting Phase
[RL] Setting signals
[RL] Agent init successful
[RL] ActorCriticAgent init
[RL] ActorCriticAgent  init successful
## Created agent: agent
## Stop physics after creating graph
## Creating session
2020-11-19 01:10:55.771984: I tensorflow/core/platform/cpu_feature_guard.cc:141] Your CPU supports instructions that this TensorFlow binary was not compiled to use: AVX2 FMA
Checkpoint> Restoring from path=./pretrained_checkpoint/agent/120_Step-25307.ckpt
INFO:tensorflow:./checkpoint/agent/121_Step-0.ckpt is not in all_model_checkpoint_paths. Manually adding it.
Checkpoint> Saving in path=['./checkpoint/agent/121_Step-0.ckpt']
[s3] Successfully uploaded .lock to                      s3 bucket aws-deepracer-data-us-east-1-1 with s3 key data-1376a8e3-b268-4c25-ab6f-6c633d292cb7/models/Model1-5/sagemaker-robomaker-artifacts/model/.lock.
Uploaded 3 files for checkpoint 121
[s3] Successfully uploaded coach checkpoint to                   s3 bucket aws-deepracer-data-us-east-1-1 with s3 key data-1376a8e3-b268-4c25-ab6f-6c633d292cb7/models/Model1-5/sagemaker-robomaker-artifacts/model/.coach_checkpoint.
Unable to find deepracer checkpoint json
Unable to find the best deepracer checkpoint number. Getting the last checkpoint number
Unable to find deepracer checkpoint json
Unable to find the last deepracer checkpoint number.
Unable to find deepracer checkpoint json
Unable to find the last deepracer checkpoint number.
INFO:tensorflow:Froze 11 variables.
INFO:tensorflow:Converted 11 variables to const ops.
saved intermediate frozen graph: data-1376a8e3-b268-4c25-ab6f-6c633d292cb7/models/Model1-5/sagemaker-robomaker-artifacts/model/model_121.pb
Best checkpoint number: -1, Last checkpoint number: -1
Copying the frozen checkpoint from ./frozen_models/agent/model_121.pb to /opt/ml/model/agent/model.pb.
Unable to find deepracer checkpoint json
[s3] Successfully uploaded .lock to                      s3 bucket aws-deepracer-data-us-east-1-1 with s3 key data-1376a8e3-b268-4c25-ab6f-6c633d292cb7/models/Model1-5/sagemaker-robomaker-artifacts/model/.lock.
[s3] Successfully uploaded .ready to                      s3 bucket aws-deepracer-data-us-east-1-1 with s3 key data-1376a8e3-b268-4c25-ab6f-6c633d292cb7/models/Model1-5/sagemaker-robomaker-artifacts/model/.ready.
DoorMan: installing SIGINT, SIGTERM
Training> Name=main_level/agent, Worker=0, Episode=1, Total reward=0, Steps=81, Training iteration=0
Training> Name=main_level/agent, Worker=0, Episode=2, Total reward=0, Steps=179, Training iteration=0
Training> Name=main_level/agent, Worker=0, Episode=3, Total reward=0, Steps=323, Training iteration=0
Training> Name=main_level/agent, Worker=0, Episode=4, Total reward=0, Steps=496, Training iteration=0
Training> Name=main_level/agent, Worker=0, Episode=5, Total reward=0, Steps=618, Training iteration=0
Training> Name=main_level/agent, Worker=0, Episode=6, Total reward=0, Steps=687, Training iteration=0
Training> Name=main_level/agent, Worker=0, Episode=7, Total reward=0, Steps=865, Training iteration=0
Training> Name=main_level/agent, Worker=0, Episode=8, Total reward=0, Steps=1033, Training iteration=0
Training> Name=main_level/agent, Worker=0, Episode=9, Total reward=0, Steps=1189, Training iteration=0
Training> Name=main_level/agent, Worker=0, Episode=10, Total reward=0, Steps=1378, Training iteration=0
Training> Name=main_level/agent, Worker=0, Episode=11, Total reward=0, Steps=1554, Training iteration=0
Training> Name=main_level/agent, Worker=0, Episode=12, Total reward=0, Steps=1709, Training iteration=0
Training> Name=main_level/agent, Worker=0, Episode=13, Total reward=0, Steps=1873, Training iteration=0
Training> Name=main_level/agent, Worker=0, Episode=14, Total reward=0, Steps=1952, Training iteration=0
Training> Name=main_level/agent, Worker=0, Episode=15, Total reward=0, Steps=2014, Training iteration=0
Training> Name=main_level/agent, Worker=0, Episode=16, Total reward=0, Steps=2095, Training iteration=0
Training> Name=main_level/agent, Worker=0, Episode=17, Total reward=0, Steps=2252, Training iteration=0
Training> Name=main_level/agent, Worker=0, Episode=18, Total reward=0, Steps=2322, Training iteration=0
Training> Name=main_level/agent, Worker=0, Episode=19, Total reward=0, Steps=2508, Training iteration=0
Training> Name=main_level/agent, Worker=0, Episode=20, Total reward=0, Steps=2621, Training iteration=0
Policy training> Surrogate loss=0.003953498788177967, KL divergence=0.005754819605499506, Entropy=0.5867926478385925, training epoch=0, learning_rate=5e-05
Policy training> Surrogate loss=-0.03595823422074318, KL divergence=0.012045809999108315, Entropy=0.5862554311752319, training epoch=1, learning_rate=5e-05
Policy training> Surrogate loss=-0.04510919377207756, KL divergence=0.014571894891560078, Entropy=0.5848150253295898, training epoch=2, learning_rate=5e-05
Policy training> Surrogate loss=-0.058077387511730194, KL divergence=0.01664361171424389, Entropy=0.5836576819419861, training epoch=3, learning_rate=5e-05
Policy training> Surrogate loss=-0.060298435389995575, KL divergence=0.01882035657763481, Entropy=0.5835222005844116, training epoch=4, learning_rate=5e-05
Policy training> Surrogate loss=-0.06087584048509598, KL divergence=0.022421324625611305, Entropy=0.5818997025489807, training epoch=5, learning_rate=5e-05
Policy training> Surrogate loss=-0.06524929404258728, KL divergence=0.02496275305747986, Entropy=0.5727506875991821, training epoch=6, learning_rate=5e-05
Policy training> Surrogate loss=-0.07164685428142548, KL divergence=0.028588414192199707, Entropy=0.5755538940429688, training epoch=7, learning_rate=5e-05
Policy training> Surrogate loss=-0.0702936202287674, KL divergence=0.03081914409995079, Entropy=0.5709043741226196, training epoch=8, learning_rate=5e-05
Policy training> Surrogate loss=-0.0778275802731514, KL divergence=0.03495258837938309, Entropy=0.5711924433708191, training epoch=9, learning_rate=5e-05
INFO:tensorflow:./checkpoint/agent/122_Step-2621.ckpt is not in all_model_checkpoint_paths. Manually adding it.
Checkpoint> Saving in path=['./checkpoint/agent/122_Step-2621.ckpt']
[s3] Successfully uploaded .lock to                      s3 bucket aws-deepracer-data-us-east-1-1 with s3 key data-1376a8e3-b268-4c25-ab6f-6c633d292cb7/models/Model1-5/sagemaker-robomaker-artifacts/model/.lock.
Uploaded 3 files for checkpoint 122
[s3] Successfully uploaded coach checkpoint to                   s3 bucket aws-deepracer-data-us-east-1-1 with s3 key data-1376a8e3-b268-4c25-ab6f-6c633d292cb7/models/Model1-5/sagemaker-robomaker-artifacts/model/.coach_checkpoint.
[s3] Successfully downloaded deepracer checkpoint json from                  s3 key data-1376a8e3-b268-4c25-ab6f-6c633d292cb7/models/Model1-5/sagemaker-robomaker-artifacts/model/deepracer_checkpoints.json to local checkpoint/agent/deepracer_checkpoints.json.
[s3] Successfully downloaded deepracer checkpoint json from                  s3 key data-1376a8e3-b268-4c25-ab6f-6c633d292cb7/models/Model1-5/sagemaker-robomaker-artifacts/model/deepracer_checkpoints.json to local checkpoint/agent/deepracer_checkpoints.json.
INFO:tensorflow:Froze 11 variables.
INFO:tensorflow:Converted 11 variables to const ops.
saved intermediate frozen graph: data-1376a8e3-b268-4c25-ab6f-6c633d292cb7/models/Model1-5/sagemaker-robomaker-artifacts/model/model_122.pb
Best checkpoint number: 121, Last checkpoint number: 121
Copying the frozen checkpoint from ./frozen_models/agent/model_121.pb to /opt/ml/model/agent/model.pb.
[s3] Successfully downloaded deepracer checkpoint json from                  s3 key data-1376a8e3-b268-4c25-ab6f-6c633d292cb7/models/Model1-5/sagemaker-robomaker-artifacts/model/deepracer_checkpoints.json to local checkpoint/agent/deepracer_checkpoints.json.
Training> Name=main_level/agent, Worker=0, Episode=21, Total reward=0, Steps=2774, Training iteration=1
Training> Name=main_level/agent, Worker=0, Episode=22, Total reward=0, Steps=2871, Training iteration=1
Training> Name=main_level/agent, Worker=0, Episode=23, Total reward=0, Steps=2915, Training iteration=1
Training> Name=main_level/agent, Worker=0, Episode=24, Total reward=0, Steps=2982, Training iteration=1
Training> Name=main_level/agent, Worker=0, Episode=25, Total reward=0, Steps=3054, Training iteration=1
Training> Name=main_level/agent, Worker=0, Episode=26, Total reward=0, Steps=3232, Training iteration=1
Training> Name=main_level/agent, Worker=0, Episode=27, Total reward=0, Steps=3387, Training iteration=1
Training> Name=main_level/agent, Worker=0, Episode=28, Total reward=0, Steps=3471, Training iteration=1
Training> Name=main_level/agent, Worker=0, Episode=29, Total reward=0, Steps=3542, Training iteration=1
Training> Name=main_level/agent, Worker=0, Episode=30, Total reward=0, Steps=3658, Training iteration=1
Training> Name=main_level/agent, Worker=0, Episode=31, Total reward=0, Steps=3827, Training iteration=1
Training> Name=main_level/agent, Worker=0, Episode=32, Total reward=0, Steps=4004, Training iteration=1
Training> Name=main_level/agent, Worker=0, Episode=33, Total reward=0, Steps=4074, Training iteration=1
Training> Name=main_level/agent, Worker=0, Episode=34, Total reward=0, Steps=4116, Training iteration=1
Training> Name=main_level/agent, Worker=0, Episode=35, Total reward=0, Steps=4297, Training iteration=1
Training> Name=main_level/agent, Worker=0, Episode=36, Total reward=0, Steps=4361, Training iteration=1
Training> Name=main_level/agent, Worker=0, Episode=37, Total reward=0, Steps=4460, Training iteration=1
Training> Name=main_level/agent, Worker=0, Episode=38, Total reward=0, Steps=4634, Training iteration=1
Training> Name=main_level/agent, Worker=0, Episode=39, Total reward=0, Steps=4677, Training iteration=1
Training> Name=main_level/agent, Worker=0, Episode=40, Total reward=0, Steps=4725, Training iteration=1
Policy training> Surrogate loss=0.007488799747079611, KL divergence=0.004339190199971199, Entropy=0.556327223777771, training epoch=0, learning_rate=5e-05
Policy training> Surrogate loss=-0.03538724035024643, KL divergence=0.02392590045928955, Entropy=0.5656633973121643, training epoch=1, learning_rate=5e-05
Policy training> Surrogate loss=-0.054660506546497345, KL divergence=0.03299194574356079, Entropy=0.5510263442993164, training epoch=2, learning_rate=5e-05
Policy training> Surrogate loss=-0.0640944167971611, KL divergence=0.03834998607635498, Entropy=0.5434224009513855, training epoch=3, learning_rate=5e-05
Policy training> Surrogate loss=-0.07033488899469376, KL divergence=0.04081472009420395, Entropy=0.543376088142395, training epoch=4, learning_rate=5e-05
Policy training> Surrogate loss=-0.07216431200504303, KL divergence=0.04396410658955574, Entropy=0.5399340391159058, training epoch=5, learning_rate=5e-05
Policy training> Surrogate loss=-0.0740729570388794, KL divergence=0.047081686556339264, Entropy=0.5425189733505249, training epoch=6, learning_rate=5e-05
Policy training> Surrogate loss=-0.07929784059524536, KL divergence=0.049069229513406754, Entropy=0.5379276275634766, training epoch=7, learning_rate=5e-05
Policy training> Surrogate loss=-0.07704325020313263, KL divergence=0.052028074860572815, Entropy=0.5358334183692932, training epoch=8, learning_rate=5e-05
Policy training> Surrogate loss=-0.08343644440174103, KL divergence=0.05357664078474045, Entropy=0.5365272164344788, training epoch=9, learning_rate=5e-05
INFO:tensorflow:./checkpoint/agent/123_Step-4725.ckpt is not in all_model_checkpoint_paths. Manually adding it.
Checkpoint> Saving in path=['./checkpoint/agent/123_Step-4725.ckpt']
[s3] Successfully uploaded .lock to                      s3 bucket aws-deepracer-data-us-east-1-1 with s3 key data-1376a8e3-b268-4c25-ab6f-6c633d292cb7/models/Model1-5/sagemaker-robomaker-artifacts/model/.lock.
Uploaded 3 files for checkpoint 123
[s3] Successfully uploaded coach checkpoint to                   s3 bucket aws-deepracer-data-us-east-1-1 with s3 key data-1376a8e3-b268-4c25-ab6f-6c633d292cb7/models/Model1-5/sagemaker-robomaker-artifacts/model/.coach_checkpoint.
[s3] Successfully downloaded deepracer checkpoint json from                  s3 key data-1376a8e3-b268-4c25-ab6f-6c633d292cb7/models/Model1-5/sagemaker-robomaker-artifacts/model/deepracer_checkpoints.json to local checkpoint/agent/deepracer_checkpoints.json.
[s3] Successfully downloaded deepracer checkpoint json from                  s3 key data-1376a8e3-b268-4c25-ab6f-6c633d292cb7/models/Model1-5/sagemaker-robomaker-artifacts/model/deepracer_checkpoints.json to local checkpoint/agent/deepracer_checkpoints.json.
INFO:tensorflow:Froze 11 variables.
INFO:tensorflow:Converted 11 variables to const ops.
saved intermediate frozen graph: data-1376a8e3-b268-4c25-ab6f-6c633d292cb7/models/Model1-5/sagemaker-robomaker-artifacts/model/model_123.pb
Best checkpoint number: 121, Last checkpoint number: 121
Copying the frozen checkpoint from ./frozen_models/agent/model_121.pb to /opt/ml/model/agent/model.pb.
[s3] Successfully downloaded deepracer checkpoint json from                  s3 key data-1376a8e3-b268-4c25-ab6f-6c633d292cb7/models/Model1-5/sagemaker-robomaker-artifacts/model/deepracer_checkpoints.json to local checkpoint/agent/deepracer_checkpoints.json.
Training> Name=main_level/agent, Worker=0, Episode=41, Total reward=0, Steps=4775, Training iteration=2
Training> Name=main_level/agent, Worker=0, Episode=42, Total reward=0, Steps=4937, Training iteration=2
Training> Name=main_level/agent, Worker=0, Episode=43, Total reward=0, Steps=5104, Training iteration=2
Training> Name=main_level/agent, Worker=0, Episode=44, Total reward=0, Steps=5159, Training iteration=2
Training> Name=main_level/agent, Worker=0, Episode=45, Total reward=0, Steps=5326, Training iteration=2
Training> Name=main_level/agent, Worker=0, Episode=46, Total reward=0, Steps=5507, Training iteration=2
Training> Name=main_level/agent, Worker=0, Episode=47, Total reward=0, Steps=5554, Training iteration=2
Training> Name=main_level/agent, Worker=0, Episode=48, Total reward=0, Steps=5714, Training iteration=2
Training> Name=main_level/agent, Worker=0, Episode=49, Total reward=0, Steps=5739, Training iteration=2
Training> Name=main_level/agent, Worker=0, Episode=50, Total reward=0, Steps=5907, Training iteration=2
Training> Name=main_level/agent, Worker=0, Episode=51, Total reward=0, Steps=6061, Training iteration=2
Training> Name=main_level/agent, Worker=0, Episode=52, Total reward=0, Steps=6224, Training iteration=2
Training> Name=main_level/agent, Worker=0, Episode=53, Total reward=0, Steps=6379, Training iteration=2
Training> Name=main_level/agent, Worker=0, Episode=54, Total reward=0, Steps=6479, Training iteration=2
Training> Name=main_level/agent, Worker=0, Episode=55, Total reward=0, Steps=6569, Training iteration=2
Training> Name=main_level/agent, Worker=0, Episode=56, Total reward=0, Steps=6616, Training iteration=2
Training> Name=main_level/agent, Worker=0, Episode=57, Total reward=0, Steps=6676, Training iteration=2
Training> Name=main_level/agent, Worker=0, Episode=58, Total reward=0, Steps=6831, Training iteration=2
Training> Name=main_level/agent, Worker=0, Episode=59, Total reward=0, Steps=6983, Training iteration=2
Training> Name=main_level/agent, Worker=0, Episode=60, Total reward=0, Steps=7062, Training iteration=2
Policy training> Surrogate loss=-0.0022138108033686876, KL divergence=0.006316391751170158, Entropy=0.5525802969932556, training epoch=0, learning_rate=5e-05
Policy training> Surrogate loss=-0.04016603156924248, KL divergence=0.027026966214179993, Entropy=0.5431854724884033, training epoch=1, learning_rate=5e-05
Policy training> Surrogate loss=-0.05786900967359543, KL divergence=0.03406626731157303, Entropy=0.5354848504066467, training epoch=2, learning_rate=5e-05
Policy training> Surrogate loss=-0.05753597989678383, KL divergence=0.038961220532655716, Entropy=0.5342108607292175, training epoch=3, learning_rate=5e-05
Policy training> Surrogate loss=-0.06640158593654633, KL divergence=0.040016405284404755, Entropy=0.5258710384368896, training epoch=4, learning_rate=5e-05
Policy training> Surrogate loss=-0.06420832127332687, KL divergence=0.04137643426656723, Entropy=0.5294920802116394, training epoch=5, learning_rate=5e-05
Policy training> Surrogate loss=-0.0693303644657135, KL divergence=0.046099431812763214, Entropy=0.5243093967437744, training epoch=6, learning_rate=5e-05
Policy training> Surrogate loss=-0.07467144727706909, KL divergence=0.04873881861567497, Entropy=0.5203269720077515, training epoch=7, learning_rate=5e-05
Policy training> Surrogate loss=-0.0792858898639679, KL divergence=0.05243607237935066, Entropy=0.5143271684646606, training epoch=8, learning_rate=5e-05
Policy training> Surrogate loss=-0.07724764943122864, KL divergence=0.05395159870386124, Entropy=0.5133233666419983, training epoch=9, learning_rate=5e-05
INFO:tensorflow:./checkpoint/agent/124_Step-7062.ckpt is not in all_model_checkpoint_paths. Manually adding it.
Checkpoint> Saving in path=['./checkpoint/agent/124_Step-7062.ckpt']
[s3] Successfully uploaded .lock to                      s3 bucket aws-deepracer-data-us-east-1-1 with s3 key data-1376a8e3-b268-4c25-ab6f-6c633d292cb7/models/Model1-5/sagemaker-robomaker-artifacts/model/.lock.
Uploaded 3 files for checkpoint 124
[s3] Successfully uploaded coach checkpoint to                   s3 bucket aws-deepracer-data-us-east-1-1 with s3 key data-1376a8e3-b268-4c25-ab6f-6c633d292cb7/models/Model1-5/sagemaker-robomaker-artifacts/model/.coach_checkpoint.
[s3] Successfully downloaded deepracer checkpoint json from                  s3 key data-1376a8e3-b268-4c25-ab6f-6c633d292cb7/models/Model1-5/sagemaker-robomaker-artifacts/model/deepracer_checkpoints.json to local checkpoint/agent/deepracer_checkpoints.json.
[s3] Successfully downloaded deepracer checkpoint json from                  s3 key data-1376a8e3-b268-4c25-ab6f-6c633d292cb7/models/Model1-5/sagemaker-robomaker-artifacts/model/deepracer_checkpoints.json to local checkpoint/agent/deepracer_checkpoints.json.
INFO:tensorflow:Froze 11 variables.
INFO:tensorflow:Converted 11 variables to const ops.
saved intermediate frozen graph: data-1376a8e3-b268-4c25-ab6f-6c633d292cb7/models/Model1-5/sagemaker-robomaker-artifacts/model/model_124.pb
Best checkpoint number: 122, Last checkpoint number: 122
Copying the frozen checkpoint from ./frozen_models/agent/model_122.pb to /opt/ml/model/agent/model.pb.
[s3] Successfully downloaded deepracer checkpoint json from                  s3 key data-1376a8e3-b268-4c25-ab6f-6c633d292cb7/models/Model1-5/sagemaker-robomaker-artifacts/model/deepracer_checkpoints.json to local checkpoint/agent/deepracer_checkpoints.json.
Training> Name=main_level/agent, Worker=0, Episode=61, Total reward=0, Steps=7204, Training iteration=3
Training> Name=main_level/agent, Worker=0, Episode=62, Total reward=0, Steps=7316, Training iteration=3
Training> Name=main_level/agent, Worker=0, Episode=63, Total reward=0, Steps=7479, Training iteration=3
Training> Name=main_level/agent, Worker=0, Episode=64, Total reward=0, Steps=7658, Training iteration=3
Training> Name=main_level/agent, Worker=0, Episode=65, Total reward=0, Steps=7694, Training iteration=3
Training> Name=main_level/agent, Worker=0, Episode=66, Total reward=0, Steps=7726, Training iteration=3
Training> Name=main_level/agent, Worker=0, Episode=67, Total reward=0, Steps=7859, Training iteration=3
Training> Name=main_level/agent, Worker=0, Episode=68, Total reward=0, Steps=7920, Training iteration=3
Training> Name=main_level/agent, Worker=0, Episode=69, Total reward=0, Steps=8097, Training iteration=3
Training> Name=main_level/agent, Worker=0, Episode=70, Total reward=0, Steps=8258, Training iteration=3
Training> Name=main_level/agent, Worker=0, Episode=71, Total reward=0, Steps=8380, Training iteration=3
Training> Name=main_level/agent, Worker=0, Episode=72, Total reward=0, Steps=8404, Training iteration=3
Training> Name=main_level/agent, Worker=0, Episode=73, Total reward=0, Steps=8559, Training iteration=3
Training> Name=main_level/agent, Worker=0, Episode=74, Total reward=0, Steps=8757, Training iteration=3
Training> Name=main_level/agent, Worker=0, Episode=75, Total reward=0, Steps=8938, Training iteration=3
Training> Name=main_level/agent, Worker=0, Episode=76, Total reward=0, Steps=9021, Training iteration=3
Training> Name=main_level/agent, Worker=0, Episode=77, Total reward=0, Steps=9157, Training iteration=3
Training> Name=main_level/agent, Worker=0, Episode=78, Total reward=0, Steps=9316, Training iteration=3
Training> Name=main_level/agent, Worker=0, Episode=79, Total reward=0, Steps=9373, Training iteration=3
Training> Name=main_level/agent, Worker=0, Episode=80, Total reward=0, Steps=9495, Training iteration=3
Policy training> Surrogate loss=-0.00016845253412611783, KL divergence=0.008136573247611523, Entropy=0.48441147804260254, training epoch=0, learning_rate=5e-05
Policy training> Surrogate loss=-0.03387139365077019, KL divergence=0.03727651759982109, Entropy=0.48717474937438965, training epoch=1, learning_rate=5e-05
Policy training> Surrogate loss=-0.04742240160703659, KL divergence=0.04381962865591049, Entropy=0.4805094599723816, training epoch=2, learning_rate=5e-05
Policy training> Surrogate loss=-0.05497492104768753, KL divergence=0.045481856912374496, Entropy=0.4725109338760376, training epoch=3, learning_rate=5e-05
Policy training> Surrogate loss=-0.060767997056245804, KL divergence=0.04780781641602516, Entropy=0.47222408652305603, training epoch=4, learning_rate=5e-05
Policy training> Surrogate loss=-0.06310150772333145, KL divergence=0.049467626959085464, Entropy=0.4723632335662842, training epoch=5, learning_rate=5e-05
Policy training> Surrogate loss=-0.06446193903684616, KL divergence=0.05212358012795448, Entropy=0.4681355357170105, training epoch=6, learning_rate=5e-05
Policy training> Surrogate loss=-0.06691839545965195, KL divergence=0.054876912385225296, Entropy=0.468466192483902, training epoch=7, learning_rate=5e-05
Policy training> Surrogate loss=-0.06909795105457306, KL divergence=0.0567120797932148, Entropy=0.4648587107658386, training epoch=8, learning_rate=5e-05
Policy training> Surrogate loss=-0.07008420675992966, KL divergence=0.06045592576265335, Entropy=0.4665322005748749, training epoch=9, learning_rate=5e-05
INFO:tensorflow:./checkpoint/agent/125_Step-9495.ckpt is not in all_model_checkpoint_paths. Manually adding it.
Checkpoint> Saving in path=['./checkpoint/agent/125_Step-9495.ckpt']
[s3] Successfully uploaded .lock to                      s3 bucket aws-deepracer-data-us-east-1-1 with s3 key data-1376a8e3-b268-4c25-ab6f-6c633d292cb7/models/Model1-5/sagemaker-robomaker-artifacts/model/.lock.
Uploaded 3 files for checkpoint 125
[s3] Successfully uploaded coach checkpoint to                   s3 bucket aws-deepracer-data-us-east-1-1 with s3 key data-1376a8e3-b268-4c25-ab6f-6c633d292cb7/models/Model1-5/sagemaker-robomaker-artifacts/model/.coach_checkpoint.
[s3] Successfully downloaded deepracer checkpoint json from                  s3 key data-1376a8e3-b268-4c25-ab6f-6c633d292cb7/models/Model1-5/sagemaker-robomaker-artifacts/model/deepracer_checkpoints.json to local checkpoint/agent/deepracer_checkpoints.json.
[s3] Successfully downloaded deepracer checkpoint json from                  s3 key data-1376a8e3-b268-4c25-ab6f-6c633d292cb7/models/Model1-5/sagemaker-robomaker-artifacts/model/deepracer_checkpoints.json to local checkpoint/agent/deepracer_checkpoints.json.
INFO:tensorflow:Froze 11 variables.
INFO:tensorflow:Converted 11 variables to const ops.
saved intermediate frozen graph: data-1376a8e3-b268-4c25-ab6f-6c633d292cb7/models/Model1-5/sagemaker-robomaker-artifacts/model/model_125.pb
Best checkpoint number: 123, Last checkpoint number: 123
Copying the frozen checkpoint from ./frozen_models/agent/model_123.pb to /opt/ml/model/agent/model.pb.
[s3] Successfully downloaded deepracer checkpoint json from                  s3 key data-1376a8e3-b268-4c25-ab6f-6c633d292cb7/models/Model1-5/sagemaker-robomaker-artifacts/model/deepracer_checkpoints.json to local checkpoint/agent/deepracer_checkpoints.json.
Deleting the frozen models in s3 for the iterations: {'121'}
Training> Name=main_level/agent, Worker=0, Episode=81, Total reward=0, Steps=9673, Training iteration=4
Training> Name=main_level/agent, Worker=0, Episode=82, Total reward=0, Steps=9845, Training iteration=4
Training> Name=main_level/agent, Worker=0, Episode=83, Total reward=0, Steps=9920, Training iteration=4
Training> Name=main_level/agent, Worker=0, Episode=84, Total reward=0, Steps=10019, Training iteration=4
Training> Name=main_level/agent, Worker=0, Episode=85, Total reward=0, Steps=10205, Training iteration=4
Training> Name=main_level/agent, Worker=0, Episode=86, Total reward=0, Steps=10381, Training iteration=4
Training> Name=main_level/agent, Worker=0, Episode=87, Total reward=0, Steps=10547, Training iteration=4
Training> Name=main_level/agent, Worker=0, Episode=88, Total reward=0, Steps=10626, Training iteration=4
Training> Name=main_level/agent, Worker=0, Episode=89, Total reward=0, Steps=10678, Training iteration=4
Training> Name=main_level/agent, Worker=0, Episode=90, Total reward=0, Steps=10783, Training iteration=4
Training> Name=main_level/agent, Worker=0, Episode=91, Total reward=0, Steps=10962, Training iteration=4
Training> Name=main_level/agent, Worker=0, Episode=92, Total reward=0, Steps=11126, Training iteration=4
Training> Name=main_level/agent, Worker=0, Episode=93, Total reward=0, Steps=11291, Training iteration=4
Training> Name=main_level/agent, Worker=0, Episode=94, Total reward=0, Steps=11469, Training iteration=4
Training> Name=main_level/agent, Worker=0, Episode=95, Total reward=0, Steps=11583, Training iteration=4
Training> Name=main_level/agent, Worker=0, Episode=96, Total reward=0, Steps=11754, Training iteration=4
Training> Name=main_level/agent, Worker=0, Episode=97, Total reward=0, Steps=11853, Training iteration=4
Training> Name=main_level/agent, Worker=0, Episode=98, Total reward=0, Steps=12013, Training iteration=4
Training> Name=main_level/agent, Worker=0, Episode=99, Total reward=0, Steps=12187, Training iteration=4
Training> Name=main_level/agent, Worker=0, Episode=100, Total reward=0, Steps=12350, Training iteration=4
Policy training> Surrogate loss=0.003432432422414422, KL divergence=0.009451474994421005, Entropy=0.510857343673706, training epoch=0, learning_rate=5e-05
Policy training> Surrogate loss=-0.03700784221291542, KL divergence=0.04801906645298004, Entropy=0.49312037229537964, training epoch=1, learning_rate=5e-05
Policy training> Surrogate loss=-0.048287514597177505, KL divergence=0.05294172465801239, Entropy=0.49231383204460144, training epoch=2, learning_rate=5e-05
Policy training> Surrogate loss=-0.059175826609134674, KL divergence=0.0557476244866848, Entropy=0.48509880900382996, training epoch=3, learning_rate=5e-05
Policy training> Surrogate loss=-0.06701654940843582, KL divergence=0.05653587356209755, Entropy=0.4811297655105591, training epoch=4, learning_rate=5e-05
Policy training> Surrogate loss=-0.06331001967191696, KL divergence=0.0603775754570961, Entropy=0.47699594497680664, training epoch=5, learning_rate=5e-05
Policy training> Surrogate loss=-0.06525017321109772, KL divergence=0.06209290400147438, Entropy=0.4701164960861206, training epoch=6, learning_rate=5e-05
Policy training> Surrogate loss=-0.07228643447160721, KL divergence=0.0637211725115776, Entropy=0.4675322473049164, training epoch=7, learning_rate=5e-05
Policy training> Surrogate loss=-0.07615096122026443, KL divergence=0.06663642823696136, Entropy=0.46740636229515076, training epoch=8, learning_rate=5e-05
Policy training> Surrogate loss=-0.07122619450092316, KL divergence=0.0689493790268898, Entropy=0.4654662311077118, training epoch=9, learning_rate=5e-05
INFO:tensorflow:./checkpoint/agent/126_Step-12350.ckpt is not in all_model_checkpoint_paths. Manually adding it.
Checkpoint> Saving in path=['./checkpoint/agent/126_Step-12350.ckpt']
[s3] Successfully uploaded .lock to                      s3 bucket aws-deepracer-data-us-east-1-1 with s3 key data-1376a8e3-b268-4c25-ab6f-6c633d292cb7/models/Model1-5/sagemaker-robomaker-artifacts/model/.lock.
Uploaded 3 files for checkpoint 126
[s3] Successfully uploaded coach checkpoint to                   s3 bucket aws-deepracer-data-us-east-1-1 with s3 key data-1376a8e3-b268-4c25-ab6f-6c633d292cb7/models/Model1-5/sagemaker-robomaker-artifacts/model/.coach_checkpoint.
[s3] Successfully downloaded deepracer checkpoint json from                  s3 key data-1376a8e3-b268-4c25-ab6f-6c633d292cb7/models/Model1-5/sagemaker-robomaker-artifacts/model/deepracer_checkpoints.json to local checkpoint/agent/deepracer_checkpoints.json.
[s3] Successfully downloaded deepracer checkpoint json from                  s3 key data-1376a8e3-b268-4c25-ab6f-6c633d292cb7/models/Model1-5/sagemaker-robomaker-artifacts/model/deepracer_checkpoints.json to local checkpoint/agent/deepracer_checkpoints.json.
INFO:tensorflow:Froze 11 variables.
INFO:tensorflow:Converted 11 variables to const ops.
saved intermediate frozen graph: data-1376a8e3-b268-4c25-ab6f-6c633d292cb7/models/Model1-5/sagemaker-robomaker-artifacts/model/model_126.pb
Best checkpoint number: 123, Last checkpoint number: 124
Copying the frozen checkpoint from ./frozen_models/agent/model_123.pb to /opt/ml/model/agent/model.pb.
[s3] Successfully downloaded deepracer checkpoint json from                  s3 key data-1376a8e3-b268-4c25-ab6f-6c633d292cb7/models/Model1-5/sagemaker-robomaker-artifacts/model/deepracer_checkpoints.json to local checkpoint/agent/deepracer_checkpoints.json.
Deleting the frozen models in s3 for the iterations: {'122'}
Training> Name=main_level/agent, Worker=0, Episode=101, Total reward=0, Steps=12517, Training iteration=5
Training> Name=main_level/agent, Worker=0, Episode=102, Total reward=0, Steps=12688, Training iteration=5
Training> Name=main_level/agent, Worker=0, Episode=103, Total reward=0, Steps=12745, Training iteration=5
Training> Name=main_level/agent, Worker=0, Episode=104, Total reward=0, Steps=12926, Training iteration=5
Training> Name=main_level/agent, Worker=0, Episode=105, Total reward=0, Steps=12994, Training iteration=5
Training> Name=main_level/agent, Worker=0, Episode=106, Total reward=0, Steps=13141, Training iteration=5
Training> Name=main_level/agent, Worker=0, Episode=107, Total reward=0, Steps=13327, Training iteration=5
Training> Name=main_level/agent, Worker=0, Episode=108, Total reward=0, Steps=13445, Training iteration=5
Training> Name=main_level/agent, Worker=0, Episode=109, Total reward=0, Steps=13624, Training iteration=5
Training> Name=main_level/agent, Worker=0, Episode=110, Total reward=0, Steps=13694, Training iteration=5
Training> Name=main_level/agent, Worker=0, Episode=111, Total reward=0, Steps=13842, Training iteration=5
Training> Name=main_level/agent, Worker=0, Episode=112, Total reward=0, Steps=14026, Training iteration=5
Training> Name=main_level/agent, Worker=0, Episode=113, Total reward=0, Steps=14205, Training iteration=5
Training> Name=main_level/agent, Worker=0, Episode=114, Total reward=0, Steps=14259, Training iteration=5
Training> Name=main_level/agent, Worker=0, Episode=115, Total reward=0, Steps=14447, Training iteration=5
Training> Name=main_level/agent, Worker=0, Episode=116, Total reward=0, Steps=14594, Training iteration=5
Training> Name=main_level/agent, Worker=0, Episode=117, Total reward=0, Steps=14763, Training iteration=5
Training> Name=main_level/agent, Worker=0, Episode=118, Total reward=0, Steps=14950, Training iteration=5
Training> Name=main_level/agent, Worker=0, Episode=119, Total reward=0, Steps=14983, Training iteration=5
Training> Name=main_level/agent, Worker=0, Episode=120, Total reward=0, Steps=15144, Training iteration=5
Policy training> Surrogate loss=0.004304414615035057, KL divergence=0.011843828484416008, Entropy=0.4547731876373291, training epoch=0, learning_rate=5e-05
Policy training> Surrogate loss=-0.03286581486463547, KL divergence=0.04615728184580803, Entropy=0.4459987282752991, training epoch=1, learning_rate=5e-05
Policy training> Surrogate loss=-0.04805658385157585, KL divergence=0.0539536289870739, Entropy=0.44161415100097656, training epoch=2, learning_rate=5e-05
Policy training> Surrogate loss=-0.04904135689139366, KL divergence=0.05673513561487198, Entropy=0.4468766748905182, training epoch=3, learning_rate=5e-05
Policy training> Surrogate loss=-0.05881617218255997, KL divergence=0.056861020624637604, Entropy=0.43697503209114075, training epoch=4, learning_rate=5e-05
Policy training> Surrogate loss=-0.062055956572294235, KL divergence=0.05864383652806282, Entropy=0.4323732256889343, training epoch=5, learning_rate=5e-05
Policy training> Surrogate loss=-0.06770195066928864, KL divergence=0.0621686726808548, Entropy=0.4313496947288513, training epoch=6, learning_rate=5e-05
Policy training> Surrogate loss=-0.06975440680980682, KL divergence=0.06466126441955566, Entropy=0.430746853351593, training epoch=7, learning_rate=5e-05
Policy training> Surrogate loss=-0.0706992968916893, KL divergence=0.06607631593942642, Entropy=0.42304012179374695, training epoch=8, learning_rate=5e-05
Policy training> Surrogate loss=-0.06565409898757935, KL divergence=0.0682729184627533, Entropy=0.4235345721244812, training epoch=9, learning_rate=5e-05
INFO:tensorflow:./checkpoint/agent/127_Step-15144.ckpt is not in all_model_checkpoint_paths. Manually adding it.
Checkpoint> Saving in path=['./checkpoint/agent/127_Step-15144.ckpt']
[s3] Successfully uploaded .lock to                      s3 bucket aws-deepracer-data-us-east-1-1 with s3 key data-1376a8e3-b268-4c25-ab6f-6c633d292cb7/models/Model1-5/sagemaker-robomaker-artifacts/model/.lock.
Uploaded 3 files for checkpoint 127
[s3] Successfully uploaded coach checkpoint to                   s3 bucket aws-deepracer-data-us-east-1-1 with s3 key data-1376a8e3-b268-4c25-ab6f-6c633d292cb7/models/Model1-5/sagemaker-robomaker-artifacts/model/.coach_checkpoint.
[s3] Successfully downloaded deepracer checkpoint json from                  s3 key data-1376a8e3-b268-4c25-ab6f-6c633d292cb7/models/Model1-5/sagemaker-robomaker-artifacts/model/deepracer_checkpoints.json to local checkpoint/agent/deepracer_checkpoints.json.
[s3] Successfully downloaded deepracer checkpoint json from                  s3 key data-1376a8e3-b268-4c25-ab6f-6c633d292cb7/models/Model1-5/sagemaker-robomaker-artifacts/model/deepracer_checkpoints.json to local checkpoint/agent/deepracer_checkpoints.json.
INFO:tensorflow:Froze 11 variables.
INFO:tensorflow:Converted 11 variables to const ops.
saved intermediate frozen graph: data-1376a8e3-b268-4c25-ab6f-6c633d292cb7/models/Model1-5/sagemaker-robomaker-artifacts/model/model_127.pb
Best checkpoint number: 125, Last checkpoint number: 125
Copying the frozen checkpoint from ./frozen_models/agent/model_125.pb to /opt/ml/model/agent/model.pb.
[s3] Successfully downloaded deepracer checkpoint json from                  s3 key data-1376a8e3-b268-4c25-ab6f-6c633d292cb7/models/Model1-5/sagemaker-robomaker-artifacts/model/deepracer_checkpoints.json to local checkpoint/agent/deepracer_checkpoints.json.
Deleting the frozen models in s3 for the iterations: {'123'}
Training> Name=main_level/agent, Worker=0, Episode=121, Total reward=0, Steps=15303, Training iteration=6
Training> Name=main_level/agent, Worker=0, Episode=122, Total reward=0, Steps=15467, Training iteration=6
Training> Name=main_level/agent, Worker=0, Episode=123, Total reward=0, Steps=15630, Training iteration=6
Training> Name=main_level/agent, Worker=0, Episode=124, Total reward=0, Steps=15674, Training iteration=6
Training> Name=main_level/agent, Worker=0, Episode=125, Total reward=0, Steps=15843, Training iteration=6
Training> Name=main_level/agent, Worker=0, Episode=126, Total reward=0, Steps=16018, Training iteration=6
Training> Name=main_level/agent, Worker=0, Episode=127, Total reward=0, Steps=16184, Training iteration=6
Training> Name=main_level/agent, Worker=0, Episode=128, Total reward=0, Steps=16358, Training iteration=6
Training> Name=main_level/agent, Worker=0, Episode=129, Total reward=0, Steps=16396, Training iteration=6
Training> Name=main_level/agent, Worker=0, Episode=130, Total reward=0, Steps=16579, Training iteration=6
Training> Name=main_level/agent, Worker=0, Episode=131, Total reward=0, Steps=16771, Training iteration=6
Training> Name=main_level/agent, Worker=0, Episode=132, Total reward=0, Steps=16940, Training iteration=6
Training> Name=main_level/agent, Worker=0, Episode=133, Total reward=0, Steps=17101, Training iteration=6
Training> Name=main_level/agent, Worker=0, Episode=134, Total reward=0, Steps=17272, Training iteration=6
Training> Name=main_level/agent, Worker=0, Episode=135, Total reward=0, Steps=17315, Training iteration=6
Training> Name=main_level/agent, Worker=0, Episode=136, Total reward=0, Steps=17365, Training iteration=6
Training> Name=main_level/agent, Worker=0, Episode=137, Total reward=0, Steps=17494, Training iteration=6
Training> Name=main_level/agent, Worker=0, Episode=138, Total reward=0, Steps=17684, Training iteration=6
Training> Name=main_level/agent, Worker=0, Episode=139, Total reward=0, Steps=17813, Training iteration=6
Training> Name=main_level/agent, Worker=0, Episode=140, Total reward=0, Steps=17863, Training iteration=6
Policy training> Surrogate loss=0.00018678179185371846, KL divergence=0.011069131083786488, Entropy=0.452187180519104, training epoch=0, learning_rate=5e-05
Policy training> Surrogate loss=-0.03518027067184448, KL divergence=0.05408158898353577, Entropy=0.44472989439964294, training epoch=1, learning_rate=5e-05
Policy training> Surrogate loss=-0.048063866794109344, KL divergence=0.06278777867555618, Entropy=0.4432668089866638, training epoch=2, learning_rate=5e-05
Policy training> Surrogate loss=-0.04954778403043747, KL divergence=0.06697288900613785, Entropy=0.4344239830970764, training epoch=3, learning_rate=5e-05
Policy training> Surrogate loss=-0.06065076217055321, KL divergence=0.06770430505275726, Entropy=0.4326099753379822, training epoch=4, learning_rate=5e-05
Policy training> Surrogate loss=-0.058772746473550797, KL divergence=0.07445301115512848, Entropy=0.43143171072006226, training epoch=5, learning_rate=5e-05
Policy training> Surrogate loss=-0.06572338193655014, KL divergence=0.07576659321784973, Entropy=0.43077319860458374, training epoch=6, learning_rate=5e-05
Policy training> Surrogate loss=-0.06550973653793335, KL divergence=0.07892458885908127, Entropy=0.4285614490509033, training epoch=7, learning_rate=5e-05
Policy training> Surrogate loss=-0.06876407563686371, KL divergence=0.07892461866140366, Entropy=0.4254397451877594, training epoch=8, learning_rate=5e-05
Policy training> Surrogate loss=-0.0639772117137909, KL divergence=0.08259490877389908, Entropy=0.4230445325374603, training epoch=9, learning_rate=5e-05
INFO:tensorflow:./checkpoint/agent/128_Step-17863.ckpt is not in all_model_checkpoint_paths. Manually adding it.
Checkpoint> Saving in path=['./checkpoint/agent/128_Step-17863.ckpt']
[s3] Successfully uploaded .lock to                      s3 bucket aws-deepracer-data-us-east-1-1 with s3 key data-1376a8e3-b268-4c25-ab6f-6c633d292cb7/models/Model1-5/sagemaker-robomaker-artifacts/model/.lock.
Uploaded 3 files for checkpoint 128
[s3] Successfully uploaded coach checkpoint to                   s3 bucket aws-deepracer-data-us-east-1-1 with s3 key data-1376a8e3-b268-4c25-ab6f-6c633d292cb7/models/Model1-5/sagemaker-robomaker-artifacts/model/.coach_checkpoint.
[s3] Successfully downloaded deepracer checkpoint json from                  s3 key data-1376a8e3-b268-4c25-ab6f-6c633d292cb7/models/Model1-5/sagemaker-robomaker-artifacts/model/deepracer_checkpoints.json to local checkpoint/agent/deepracer_checkpoints.json.
[s3] Successfully downloaded deepracer checkpoint json from                  s3 key data-1376a8e3-b268-4c25-ab6f-6c633d292cb7/models/Model1-5/sagemaker-robomaker-artifacts/model/deepracer_checkpoints.json to local checkpoint/agent/deepracer_checkpoints.json.
INFO:tensorflow:Froze 11 variables.
INFO:tensorflow:Converted 11 variables to const ops.
saved intermediate frozen graph: data-1376a8e3-b268-4c25-ab6f-6c633d292cb7/models/Model1-5/sagemaker-robomaker-artifacts/model/model_128.pb
Best checkpoint number: 125, Last checkpoint number: 126
Copying the frozen checkpoint from ./frozen_models/agent/model_125.pb to /opt/ml/model/agent/model.pb.
[s3] Successfully downloaded deepracer checkpoint json from                  s3 key data-1376a8e3-b268-4c25-ab6f-6c633d292cb7/models/Model1-5/sagemaker-robomaker-artifacts/model/deepracer_checkpoints.json to local checkpoint/agent/deepracer_checkpoints.json.
Deleting the frozen models in s3 for the iterations: {'124'}
Training> Name=main_level/agent, Worker=0, Episode=141, Total reward=0, Steps=18046, Training iteration=7
Training> Name=main_level/agent, Worker=0, Episode=142, Total reward=0, Steps=18158, Training iteration=7
Training> Name=main_level/agent, Worker=0, Episode=143, Total reward=0, Steps=18338, Training iteration=7
Training> Name=main_level/agent, Worker=0, Episode=144, Total reward=0, Steps=18510, Training iteration=7
Training> Name=main_level/agent, Worker=0, Episode=145, Total reward=0, Steps=18632, Training iteration=7
Training> Name=main_level/agent, Worker=0, Episode=146, Total reward=0, Steps=18810, Training iteration=7
Training> Name=main_level/agent, Worker=0, Episode=147, Total reward=0, Steps=18914, Training iteration=7
Training> Name=main_level/agent, Worker=0, Episode=148, Total reward=0, Steps=19058, Training iteration=7
Training> Name=main_level/agent, Worker=0, Episode=149, Total reward=0, Steps=19144, Training iteration=7
Training> Name=main_level/agent, Worker=0, Episode=150, Total reward=0, Steps=19300, Training iteration=7
Training> Name=main_level/agent, Worker=0, Episode=151, Total reward=0, Steps=19471, Training iteration=7
Training> Name=main_level/agent, Worker=0, Episode=152, Total reward=0, Steps=19659, Training iteration=7
Training> Name=main_level/agent, Worker=0, Episode=153, Total reward=0, Steps=19823, Training iteration=7
Training> Name=main_level/agent, Worker=0, Episode=154, Total reward=0, Steps=19876, Training iteration=7
Training> Name=main_level/agent, Worker=0, Episode=155, Total reward=0, Steps=19944, Training iteration=7
Training> Name=main_level/agent, Worker=0, Episode=156, Total reward=0, Steps=20066, Training iteration=7
Training> Name=main_level/agent, Worker=0, Episode=157, Total reward=0, Steps=20220, Training iteration=7
Training> Name=main_level/agent, Worker=0, Episode=158, Total reward=0, Steps=20405, Training iteration=7
Training> Name=main_level/agent, Worker=0, Episode=159, Total reward=0, Steps=20563, Training iteration=7
Training> Name=main_level/agent, Worker=0, Episode=160, Total reward=0, Steps=20724, Training iteration=7
Policy training> Surrogate loss=0.003139337059110403, KL divergence=0.010142084211111069, Entropy=0.421051949262619, training epoch=0, learning_rate=5e-05
Policy training> Surrogate loss=-0.029203666374087334, KL divergence=0.0473974384367466, Entropy=0.4272724986076355, training epoch=1, learning_rate=5e-05
Policy training> Surrogate loss=-0.04634767398238182, KL divergence=0.058122418820858, Entropy=0.41933852434158325, training epoch=2, learning_rate=5e-05
Policy training> Surrogate loss=-0.05211241543292999, KL divergence=0.060464046895504, Entropy=0.4178899824619293, training epoch=3, learning_rate=5e-05
Policy training> Surrogate loss=-0.059825051575899124, KL divergence=0.06257928162813187, Entropy=0.410801500082016, training epoch=4, learning_rate=5e-05
Policy training> Surrogate loss=-0.05963466316461563, KL divergence=0.06709945201873779, Entropy=0.41462793946266174, training epoch=5, learning_rate=5e-05
Policy training> Surrogate loss=-0.06378068029880524, KL divergence=0.07032673805952072, Entropy=0.409384548664093, training epoch=6, learning_rate=5e-05
Policy training> Surrogate loss=-0.06124718487262726, KL divergence=0.07272253930568695, Entropy=0.4057868719100952, training epoch=7, learning_rate=5e-05
Policy training> Surrogate loss=-0.07035613805055618, KL divergence=0.07485785335302353, Entropy=0.4022166132926941, training epoch=8, learning_rate=5e-05
Policy training> Surrogate loss=-0.06718838959932327, KL divergence=0.07539211213588715, Entropy=0.4015255868434906, training epoch=9, learning_rate=5e-05
INFO:tensorflow:./checkpoint/agent/129_Step-20724.ckpt is not in all_model_checkpoint_paths. Manually adding it.
Checkpoint> Saving in path=['./checkpoint/agent/129_Step-20724.ckpt']
[s3] Successfully uploaded .lock to                      s3 bucket aws-deepracer-data-us-east-1-1 with s3 key data-1376a8e3-b268-4c25-ab6f-6c633d292cb7/models/Model1-5/sagemaker-robomaker-artifacts/model/.lock.
Uploaded 3 files for checkpoint 129
[s3] Successfully uploaded coach checkpoint to                   s3 bucket aws-deepracer-data-us-east-1-1 with s3 key data-1376a8e3-b268-4c25-ab6f-6c633d292cb7/models/Model1-5/sagemaker-robomaker-artifacts/model/.coach_checkpoint.
[s3] Successfully downloaded deepracer checkpoint json from                  s3 key data-1376a8e3-b268-4c25-ab6f-6c633d292cb7/models/Model1-5/sagemaker-robomaker-artifacts/model/deepracer_checkpoints.json to local checkpoint/agent/deepracer_checkpoints.json.
[s3] Successfully downloaded deepracer checkpoint json from                  s3 key data-1376a8e3-b268-4c25-ab6f-6c633d292cb7/models/Model1-5/sagemaker-robomaker-artifacts/model/deepracer_checkpoints.json to local checkpoint/agent/deepracer_checkpoints.json.
INFO:tensorflow:Froze 11 variables.
INFO:tensorflow:Converted 11 variables to const ops.
saved intermediate frozen graph: data-1376a8e3-b268-4c25-ab6f-6c633d292cb7/models/Model1-5/sagemaker-robomaker-artifacts/model/model_129.pb
Best checkpoint number: 125, Last checkpoint number: 127
Copying the frozen checkpoint from ./frozen_models/agent/model_125.pb to /opt/ml/model/agent/model.pb.
[s3] Successfully downloaded deepracer checkpoint json from                  s3 key data-1376a8e3-b268-4c25-ab6f-6c633d292cb7/models/Model1-5/sagemaker-robomaker-artifacts/model/deepracer_checkpoints.json to local checkpoint/agent/deepracer_checkpoints.json.
Deleting the frozen models in s3 for the iterations: {'126'}
Training> Name=main_level/agent, Worker=0, Episode=161, Total reward=0, Steps=20830, Training iteration=8
Training> Name=main_level/agent, Worker=0, Episode=162, Total reward=0, Steps=21030, Training iteration=8
Training> Name=main_level/agent, Worker=0, Episode=163, Total reward=0, Steps=21203, Training iteration=8
Training> Name=main_level/agent, Worker=0, Episode=164, Total reward=0, Steps=21382, Training iteration=8
Training> Name=main_level/agent, Worker=0, Episode=165, Total reward=0, Steps=21485, Training iteration=8
Training> Name=main_level/agent, Worker=0, Episode=166, Total reward=0, Steps=21683, Training iteration=8
Training> Name=main_level/agent, Worker=0, Episode=167, Total reward=0, Steps=21728, Training iteration=8
Training> Name=main_level/agent, Worker=0, Episode=168, Total reward=0, Steps=21891, Training iteration=8
Training> Name=main_level/agent, Worker=0, Episode=169, Total reward=0, Steps=22083, Training iteration=8
Training> Name=main_level/agent, Worker=0, Episode=170, Total reward=0, Steps=22178, Training iteration=8
Training> Name=main_level/agent, Worker=0, Episode=171, Total reward=0, Steps=22346, Training iteration=8
Training> Name=main_level/agent, Worker=0, Episode=172, Total reward=0, Steps=22502, Training iteration=8
Training> Name=main_level/agent, Worker=0, Episode=173, Total reward=0, Steps=22632, Training iteration=8
Training> Name=main_level/agent, Worker=0, Episode=174, Total reward=0, Steps=22817, Training iteration=8
Training> Name=main_level/agent, Worker=0, Episode=175, Total reward=0, Steps=23020, Training iteration=8
Training> Name=main_level/agent, Worker=0, Episode=176, Total reward=0, Steps=23210, Training iteration=8
Training> Name=main_level/agent, Worker=0, Episode=177, Total reward=0, Steps=23372, Training iteration=8
Training> Name=main_level/agent, Worker=0, Episode=178, Total reward=0, Steps=23444, Training iteration=8
Training> Name=main_level/agent, Worker=0, Episode=179, Total reward=0, Steps=23613, Training iteration=8
Training> Name=main_level/agent, Worker=0, Episode=180, Total reward=0, Steps=23769, Training iteration=8
Policy training> Surrogate loss=0.010526883415877819, KL divergence=0.013928450644016266, Entropy=0.4190671741962433, training epoch=0, learning_rate=5e-05
Policy training> Surrogate loss=-0.02355138026177883, KL divergence=0.04513902589678764, Entropy=0.40894660353660583, training epoch=1, learning_rate=5e-05
Policy training> Surrogate loss=-0.04447579011321068, KL divergence=0.049907486885786057, Entropy=0.4113406836986542, training epoch=2, learning_rate=5e-05
Policy training> Surrogate loss=-0.04910591244697571, KL divergence=0.05199657753109932, Entropy=0.40786609053611755, training epoch=3, learning_rate=5e-05
Policy training> Surrogate loss=-0.05308360606431961, KL divergence=0.05379300191998482, Entropy=0.4002985656261444, training epoch=4, learning_rate=5e-05
Policy training> Surrogate loss=-0.056793875992298126, KL divergence=0.05680350214242935, Entropy=0.3998134732246399, training epoch=5, learning_rate=5e-05
Policy training> Surrogate loss=-0.062079254537820816, KL divergence=0.058017026633024216, Entropy=0.39349088072776794, training epoch=6, learning_rate=5e-05
Policy training> Surrogate loss=-0.06453131884336472, KL divergence=0.06239349767565727, Entropy=0.38951003551483154, training epoch=7, learning_rate=5e-05
Policy training> Surrogate loss=-0.06027399003505707, KL divergence=0.0659315437078476, Entropy=0.3886396586894989, training epoch=8, learning_rate=5e-05
Policy training> Surrogate loss=-0.06665317714214325, KL divergence=0.06598139554262161, Entropy=0.3866705596446991, training epoch=9, learning_rate=5e-05
INFO:tensorflow:./checkpoint/agent/130_Step-23769.ckpt is not in all_model_checkpoint_paths. Manually adding it.
Checkpoint> Saving in path=['./checkpoint/agent/130_Step-23769.ckpt']
[s3] Successfully uploaded .lock to                      s3 bucket aws-deepracer-data-us-east-1-1 with s3 key data-1376a8e3-b268-4c25-ab6f-6c633d292cb7/models/Model1-5/sagemaker-robomaker-artifacts/model/.lock.
Uploaded 3 files for checkpoint 130
[s3] Successfully uploaded coach checkpoint to                   s3 bucket aws-deepracer-data-us-east-1-1 with s3 key data-1376a8e3-b268-4c25-ab6f-6c633d292cb7/models/Model1-5/sagemaker-robomaker-artifacts/model/.coach_checkpoint.
[s3] Successfully downloaded deepracer checkpoint json from                  s3 key data-1376a8e3-b268-4c25-ab6f-6c633d292cb7/models/Model1-5/sagemaker-robomaker-artifacts/model/deepracer_checkpoints.json to local checkpoint/agent/deepracer_checkpoints.json.
[s3] Successfully downloaded deepracer checkpoint json from                  s3 key data-1376a8e3-b268-4c25-ab6f-6c633d292cb7/models/Model1-5/sagemaker-robomaker-artifacts/model/deepracer_checkpoints.json to local checkpoint/agent/deepracer_checkpoints.json.
INFO:tensorflow:Froze 11 variables.
INFO:tensorflow:Converted 11 variables to const ops.
saved intermediate frozen graph: data-1376a8e3-b268-4c25-ab6f-6c633d292cb7/models/Model1-5/sagemaker-robomaker-artifacts/model/model_130.pb
Best checkpoint number: 125, Last checkpoint number: 128
Copying the frozen checkpoint from ./frozen_models/agent/model_125.pb to /opt/ml/model/agent/model.pb.
[s3] Successfully downloaded deepracer checkpoint json from                  s3 key data-1376a8e3-b268-4c25-ab6f-6c633d292cb7/models/Model1-5/sagemaker-robomaker-artifacts/model/deepracer_checkpoints.json to local checkpoint/agent/deepracer_checkpoints.json.
Deleting the frozen models in s3 for the iterations: {'127'}
Training> Name=main_level/agent, Worker=0, Episode=181, Total reward=0, Steps=23920, Training iteration=9
Training> Name=main_level/agent, Worker=0, Episode=182, Total reward=0, Steps=24084, Training iteration=9
Training> Name=main_level/agent, Worker=0, Episode=183, Total reward=0, Steps=24242, Training iteration=9
Training> Name=main_level/agent, Worker=0, Episode=184, Total reward=0, Steps=24298, Training iteration=9
Training> Name=main_level/agent, Worker=0, Episode=185, Total reward=0, Steps=24474, Training iteration=9
Training> Name=main_level/agent, Worker=0, Episode=186, Total reward=0, Steps=24560, Training iteration=9
Training> Name=main_level/agent, Worker=0, Episode=187, Total reward=0, Steps=24712, Training iteration=9
Training> Name=main_level/agent, Worker=0, Episode=188, Total reward=0, Steps=24875, Training iteration=9
Training> Name=main_level/agent, Worker=0, Episode=189, Total reward=0, Steps=24903, Training iteration=9
Training> Name=main_level/agent, Worker=0, Episode=190, Total reward=0, Steps=25042, Training iteration=9
Training> Name=main_level/agent, Worker=0, Episode=191, Total reward=0, Steps=25190, Training iteration=9
Training> Name=main_level/agent, Worker=0, Episode=192, Total reward=0, Steps=25356, Training iteration=9
Training> Name=main_level/agent, Worker=0, Episode=193, Total reward=0, Steps=25451, Training iteration=9
Training> Name=main_level/agent, Worker=0, Episode=194, Total reward=0, Steps=25618, Training iteration=9
Training> Name=main_level/agent, Worker=0, Episode=195, Total reward=0, Steps=25739, Training iteration=9
Training> Name=main_level/agent, Worker=0, Episode=196, Total reward=0, Steps=25920, Training iteration=9
Training> Name=main_level/agent, Worker=0, Episode=197, Total reward=0, Steps=26105, Training iteration=9
Training> Name=main_level/agent, Worker=0, Episode=198, Total reward=0, Steps=26153, Training iteration=9
Training> Name=main_level/agent, Worker=0, Episode=199, Total reward=0, Steps=26333, Training iteration=9
Training> Name=main_level/agent, Worker=0, Episode=200, Total reward=0, Steps=26509, Training iteration=9
Policy training> Surrogate loss=0.011866305954754353, KL divergence=0.017782777547836304, Entropy=0.41821160912513733, training epoch=0, learning_rate=5e-05
Policy training> Surrogate loss=-0.032827459275722504, KL divergence=0.05489632487297058, Entropy=0.4133656322956085, training epoch=1, learning_rate=5e-05
Policy training> Surrogate loss=-0.044498082250356674, KL divergence=0.06976214796304703, Entropy=0.41505423188209534, training epoch=2, learning_rate=5e-05
Policy training> Surrogate loss=-0.053968582302331924, KL divergence=0.06948212534189224, Entropy=0.4061768352985382, training epoch=3, learning_rate=5e-05
Policy training> Surrogate loss=-0.06915940344333649, KL divergence=0.07146556675434113, Entropy=0.4038851261138916, training epoch=4, learning_rate=5e-05
Policy training> Surrogate loss=-0.0631246566772461, KL divergence=0.07418155670166016, Entropy=0.40078768134117126, training epoch=5, learning_rate=5e-05
Policy training> Surrogate loss=-0.06606124341487885, KL divergence=0.0763777643442154, Entropy=0.394362211227417, training epoch=6, learning_rate=5e-05
Policy training> Surrogate loss=-0.0715361088514328, KL divergence=0.07638774812221527, Entropy=0.38939347863197327, training epoch=7, learning_rate=5e-05
Policy training> Surrogate loss=-0.07324623316526413, KL divergence=0.07730147987604141, Entropy=0.3844687044620514, training epoch=8, learning_rate=5e-05
Policy training> Surrogate loss=-0.07018120586872101, KL divergence=0.08007250726222992, Entropy=0.3866010904312134, training epoch=9, learning_rate=5e-05
INFO:tensorflow:./checkpoint/agent/131_Step-26509.ckpt is not in all_model_checkpoint_paths. Manually adding it.
Checkpoint> Saving in path=['./checkpoint/agent/131_Step-26509.ckpt']
[s3] Successfully uploaded .lock to                      s3 bucket aws-deepracer-data-us-east-1-1 with s3 key data-1376a8e3-b268-4c25-ab6f-6c633d292cb7/models/Model1-5/sagemaker-robomaker-artifacts/model/.lock.
Uploaded 3 files for checkpoint 131
[s3] Successfully uploaded coach checkpoint to                   s3 bucket aws-deepracer-data-us-east-1-1 with s3 key data-1376a8e3-b268-4c25-ab6f-6c633d292cb7/models/Model1-5/sagemaker-robomaker-artifacts/model/.coach_checkpoint.
[s3] Successfully downloaded deepracer checkpoint json from                  s3 key data-1376a8e3-b268-4c25-ab6f-6c633d292cb7/models/Model1-5/sagemaker-robomaker-artifacts/model/deepracer_checkpoints.json to local checkpoint/agent/deepracer_checkpoints.json.
[s3] Successfully downloaded deepracer checkpoint json from                  s3 key data-1376a8e3-b268-4c25-ab6f-6c633d292cb7/models/Model1-5/sagemaker-robomaker-artifacts/model/deepracer_checkpoints.json to local checkpoint/agent/deepracer_checkpoints.json.
INFO:tensorflow:Froze 11 variables.
INFO:tensorflow:Converted 11 variables to const ops.
saved intermediate frozen graph: data-1376a8e3-b268-4c25-ab6f-6c633d292cb7/models/Model1-5/sagemaker-robomaker-artifacts/model/model_131.pb
Best checkpoint number: 125, Last checkpoint number: 129
Copying the frozen checkpoint from ./frozen_models/agent/model_125.pb to /opt/ml/model/agent/model.pb.
[s3] Successfully downloaded deepracer checkpoint json from                  s3 key data-1376a8e3-b268-4c25-ab6f-6c633d292cb7/models/Model1-5/sagemaker-robomaker-artifacts/model/deepracer_checkpoints.json to local checkpoint/agent/deepracer_checkpoints.json.
Deleting the frozen models in s3 for the iterations: {'128'}
Training> Name=main_level/agent, Worker=0, Episode=201, Total reward=0, Steps=26546, Training iteration=10
Training> Name=main_level/agent, Worker=0, Episode=202, Total reward=0, Steps=26728, Training iteration=10
Training> Name=main_level/agent, Worker=0, Episode=203, Total reward=0, Steps=26910, Training iteration=10
Training> Name=main_level/agent, Worker=0, Episode=204, Total reward=0, Steps=26991, Training iteration=10
Training> Name=main_level/agent, Worker=0, Episode=205, Total reward=0, Steps=27180, Training iteration=10
Training> Name=main_level/agent, Worker=0, Episode=206, Total reward=0, Steps=27354, Training iteration=10
Training> Name=main_level/agent, Worker=0, Episode=207, Total reward=0, Steps=27529, Training iteration=10
Training> Name=main_level/agent, Worker=0, Episode=208, Total reward=0, Steps=27700, Training iteration=10
